This file contains any messages produced by compilers while
running configure, to aid debugging if configure makes a mistake.

It was created by oflops configure 0.01, which was
generated by GNU Autoconf 2.69.  Invocation command line was

  $ ./configure --with-openflow-src-dir=/home/pss/sdn/openflow

## --------- ##
## Platform. ##
## --------- ##

hostname = aplus.aisa-lab.ajou.ac.kr
uname -m = x86_64
uname -r = 5.15.0-107-generic
uname -s = Linux
uname -v = #117~20.04.1-Ubuntu SMP Tue Apr 30 10:35:57 UTC 2024

/usr/bin/uname -p = x86_64
/bin/uname -X     = unknown

/bin/arch              = x86_64
/usr/bin/arch -k       = unknown
/usr/convex/getsysinfo = unknown
/usr/bin/hostinfo      = unknown
/bin/machine           = unknown
/usr/bin/oslevel       = unknown
/bin/universe          = unknown

PATH: /home/pss/anaconda3/bin
PATH: /home/pss/.cursor-server/cli/servers/Stable-001668006cc714afd397f4ef0d52862f5a095530/server/bin/remote-cli
PATH: /home/pss/anaconda3/bin
PATH: /opt/conda/condabin
PATH: /usr/local/sbin
PATH: /usr/local/bin
PATH: /usr/sbin
PATH: /usr/bin
PATH: /sbin
PATH: /bin
PATH: /usr/games
PATH: /usr/local/games
PATH: /snap/bin
PATH: /opt/Xilinx/Vivado/2017.1/bin/unwrapped/lnx64.o
PATH: /opt/Xilinx/Vivado/2017.1/bin/unwrapped/lnx64.o


## ----------- ##
## Core tests. ##
## ----------- ##

configure:2326: checking for a BSD-compatible install
configure:2394: result: /usr/bin/install -c
configure:2405: checking whether build environment is sane
configure:2460: result: yes
configure:2609: checking for a thread-safe mkdir -p
configure:2648: result: /usr/bin/mkdir -p
configure:2655: checking for gawk
configure:2671: found /usr/bin/gawk
configure:2682: result: gawk
configure:2693: checking whether make sets $(MAKE)
configure:2715: result: yes
configure:2744: checking whether make supports nested variables
configure:2761: result: yes
configure:2915: checking for /home/pss/sdn/openflow/include/openflow/openflow.h
configure:2929: result: yes
configure:2992: checking for gcc
configure:3008: found /usr/bin/gcc
configure:3019: result: gcc
configure:3248: checking for C compiler version
configure:3257: gcc --version >&5
gcc (Ubuntu 9.4.0-1ubuntu1~20.04.2) 9.4.0
Copyright (C) 2019 Free Software Foundation, Inc.
This is free software; see the source for copying conditions.  There is NO
warranty; not even for MERCHANTABILITY or FITNESS FOR A PARTICULAR PURPOSE.

configure:3268: $? = 0
configure:3257: gcc -v >&5
Using built-in specs.
COLLECT_GCC=gcc
COLLECT_LTO_WRAPPER=/usr/lib/gcc/x86_64-linux-gnu/9/lto-wrapper
OFFLOAD_TARGET_NAMES=nvptx-none:hsa
OFFLOAD_TARGET_DEFAULT=1
Target: x86_64-linux-gnu
Configured with: ../src/configure -v --with-pkgversion='Ubuntu 9.4.0-1ubuntu1~20.04.2' --with-bugurl=file:///usr/share/doc/gcc-9/README.Bugs --enable-languages=c,ada,c++,go,brig,d,fortran,objc,obj-c++,gm2 --prefix=/usr --with-gcc-major-version-only --program-suffix=-9 --program-prefix=x86_64-linux-gnu- --enable-shared --enable-linker-build-id --libexecdir=/usr/lib --without-included-gettext --enable-threads=posix --libdir=/usr/lib --enable-nls --enable-clocale=gnu --enable-libstdcxx-debug --enable-libstdcxx-time=yes --with-default-libstdcxx-abi=new --enable-gnu-unique-object --disable-vtable-verify --enable-plugin --enable-default-pie --with-system-zlib --with-target-system-zlib=auto --enable-objc-gc=auto --enable-multiarch --disable-werror --with-arch-32=i686 --with-abi=m64 --with-multilib-list=m32,m64,mx32 --enable-multilib --with-tune=generic --enable-offload-targets=nvptx-none=/build/gcc-9-9QDOt0/gcc-9-9.4.0/debian/tmp-nvptx/usr,hsa --without-cuda-driver --enable-checking=release --build=x86_64-linux-gnu --host=x86_64-linux-gnu --target=x86_64-linux-gnu
Thread model: posix
gcc version 9.4.0 (Ubuntu 9.4.0-1ubuntu1~20.04.2) 
configure:3268: $? = 0
configure:3257: gcc -V >&5
gcc: error: unrecognized command line option '-V'
gcc: fatal error: no input files
compilation terminated.
configure:3268: $? = 1
configure:3257: gcc -qversion >&5
gcc: error: unrecognized command line option '-qversion'; did you mean '--version'?
gcc: fatal error: no input files
compilation terminated.
configure:3268: $? = 1
configure:3288: checking whether the C compiler works
configure:3310: gcc    conftest.c  >&5
configure:3314: $? = 0
configure:3362: result: yes
configure:3365: checking for C compiler default output file name
configure:3367: result: a.out
configure:3373: checking for suffix of executables
configure:3380: gcc -o conftest    conftest.c  >&5
configure:3384: $? = 0
configure:3406: result: 
configure:3428: checking whether we are cross compiling
configure:3436: gcc -o conftest    conftest.c  >&5
configure:3440: $? = 0
configure:3447: ./conftest
configure:3451: $? = 0
configure:3439: result: no
configure:3444: checking for suffix of object files
configure:3466: gcc -c   conftest.c >&5
configure:3470: $? = 0
configure:3491: result: o
configure:3495: checking whether we are using the GNU C compiler
configure:3514: gcc -c   conftest.c >&5
configure:3514: $? = 0
configure:3523: result: yes
configure:3532: checking whether gcc accepts -g
configure:3552: gcc -c -g  conftest.c >&5
configure:3552: $? = 0
configure:3593: result: yes
configure:3610: checking for gcc option to accept ISO C89
configure:3673: gcc  -c -g -O2  conftest.c >&5
configure:3673: $? = 0
configure:3686: result: none needed
configure:3711: checking whether gcc understands -c and -o together
configure:3733: gcc -c conftest.c -o conftest2.o
configure:3736: $? = 0
configure:3733: gcc -c conftest.c -o conftest2.o
configure:3736: $? = 0
configure:3748: result: yes
configure:3768: checking whether make supports the include directive
configure:3783: make -f confmf.GNU && cat confinc.out
this is the am__doit target
configure:3786: $? = 0
configure:3805: result: yes (GNU style)
configure:3830: checking dependency style of gcc
configure:3941: result: gcc3
configure:3961: checking for gawk
configure:3988: result: gawk
configure:4004: checking how to run the C preprocessor
configure:4035: gcc -E  conftest.c
configure:4035: $? = 0
configure:4049: gcc -E  conftest.c
conftest.c:11:10: fatal error: ac_nonexistent.h: No such file or directory
   11 | #include <ac_nonexistent.h>
      |          ^~~~~~~~~~~~~~~~~~
compilation terminated.
configure:4049: $? = 1
configure: failed program was:
| /* confdefs.h */
| #define PACKAGE_NAME "oflops"
| #define PACKAGE_TARNAME "oflops"
| #define PACKAGE_VERSION "0.01"
| #define PACKAGE_STRING "oflops 0.01"
| #define PACKAGE_BUGREPORT "rob.sherwood@stanford.edu"
| #define PACKAGE_URL ""
| #define PACKAGE "oflops"
| #define VERSION "0.01"
| /* end confdefs.h.  */
| #include <ac_nonexistent.h>
configure:4074: result: gcc -E
configure:4094: gcc -E  conftest.c
configure:4094: $? = 0
configure:4108: gcc -E  conftest.c
conftest.c:11:10: fatal error: ac_nonexistent.h: No such file or directory
   11 | #include <ac_nonexistent.h>
      |          ^~~~~~~~~~~~~~~~~~
compilation terminated.
configure:4108: $? = 1
configure: failed program was:
| /* confdefs.h */
| #define PACKAGE_NAME "oflops"
| #define PACKAGE_TARNAME "oflops"
| #define PACKAGE_VERSION "0.01"
| #define PACKAGE_STRING "oflops 0.01"
| #define PACKAGE_BUGREPORT "rob.sherwood@stanford.edu"
| #define PACKAGE_URL ""
| #define PACKAGE "oflops"
| #define VERSION "0.01"
| /* end confdefs.h.  */
| #include <ac_nonexistent.h>
configure:4165: checking build system type
configure:4179: result: x86_64-pc-linux-gnu
configure:4199: checking host system type
configure:4212: result: x86_64-pc-linux-gnu
configure:4253: checking how to print strings
configure:4280: result: printf
configure:4301: checking for a sed that does not truncate output
configure:4365: result: /usr/bin/sed
configure:4383: checking for grep that handles long lines and -e
configure:4441: result: /usr/bin/grep
configure:4446: checking for egrep
configure:4508: result: /usr/bin/grep -E
configure:4513: checking for fgrep
configure:4575: result: /usr/bin/grep -F
configure:4610: checking for ld used by gcc
configure:4677: result: /usr/bin/ld
configure:4684: checking if the linker (/usr/bin/ld) is GNU ld
configure:4699: result: yes
configure:4711: checking for BSD- or MS-compatible name lister (nm)
configure:4765: result: /usr/bin/nm -B
configure:4895: checking the name lister (/usr/bin/nm -B) interface
configure:4902: gcc -c -g -O2  conftest.c >&5
configure:4905: /usr/bin/nm -B "conftest.o"
configure:4908: output
0000000000000000 B some_variable
configure:4909: result: BSD nm
configure:4912: checking whether ln -s works
configure:4916: result: yes
configure:4924: checking the maximum length of command line arguments
configure:5055: result: 1572864
configure:5103: checking how to convert x86_64-pc-linux-gnu file names to x86_64-pc-linux-gnu format
configure:5143: result: func_convert_file_noop
configure:5150: checking how to convert x86_64-pc-linux-gnu file names to toolchain format
configure:5170: result: func_convert_file_noop
configure:5177: checking for /usr/bin/ld option to reload object files
configure:5184: result: -r
configure:5258: checking for objdump
configure:5274: found /usr/bin/objdump
configure:5285: result: objdump
configure:5317: checking how to recognize dependent libraries
configure:5517: result: pass_all
configure:5602: checking for dlltool
configure:5632: result: no
configure:5662: checking how to associate runtime and link libraries
configure:5689: result: printf %s\n
configure:5750: checking for ar
configure:5766: found /usr/bin/ar
configure:5777: result: ar
configure:5814: checking for archiver @FILE support
configure:5831: gcc -c -g -O2  conftest.c >&5
configure:5831: $? = 0
configure:5834: ar cr libconftest.a @conftest.lst >&5
configure:5837: $? = 0
configure:5842: ar cr libconftest.a @conftest.lst >&5
ar: conftest.o: No such file or directory
configure:5845: $? = 1
configure:5844: result: @
configure:5902: checking for strip
configure:5918: found /usr/bin/strip
configure:5929: result: strip
configure:6001: checking for ranlib
configure:6017: found /usr/bin/ranlib
configure:6028: result: ranlib
configure:6130: checking command to parse /usr/bin/nm -B output from gcc object
configure:6283: gcc -c -g -O2  conftest.c >&5
configure:6286: $? = 0
configure:6290: /usr/bin/nm -B conftest.o | sed -n -e 's/^.*[	 ]\([ABCDGIRSTW][ABCDGIRSTW]*\)[	 ][	 ]*\([_A-Za-z][_A-Za-z0-9]*\)$/\1 \2 \2/p' | sed '/ __gnu_lto/d' > conftest.nm
configure:6356: gcc -o conftest -g -O2   conftest.c conftstm.o >&5
configure:6359: $? = 0
configure:6397: result: ok
configure:6444: checking for sysroot
configure:6474: result: no
configure:6481: checking for a working dd
configure:6519: result: /usr/bin/dd
configure:6523: checking how to truncate binary pipes
configure:6538: result: /usr/bin/dd bs=4096 count=1
configure:6674: gcc -c -g -O2  conftest.c >&5
configure:6677: $? = 0
configure:6867: checking for mt
configure:6883: found /usr/bin/mt
configure:6894: result: mt
configure:6917: checking if mt is a manifest tool
configure:6923: mt '-?'
configure:6931: result: no
configure:7604: checking for ANSI C header files
configure:7624: gcc -c -g -O2  conftest.c >&5
configure:7624: $? = 0
configure:7697: gcc -o conftest -g -O2   conftest.c  >&5
configure:7697: $? = 0
configure:7697: ./conftest
configure:7697: $? = 0
configure:7708: result: yes
configure:7721: checking for sys/types.h
configure:7721: gcc -c -g -O2  conftest.c >&5
configure:7721: $? = 0
configure:7721: result: yes
configure:7721: checking for sys/stat.h
configure:7721: gcc -c -g -O2  conftest.c >&5
configure:7721: $? = 0
configure:7721: result: yes
configure:7721: checking for stdlib.h
configure:7721: gcc -c -g -O2  conftest.c >&5
configure:7721: $? = 0
configure:7721: result: yes
configure:7721: checking for string.h
configure:7721: gcc -c -g -O2  conftest.c >&5
configure:7721: $? = 0
configure:7721: result: yes
configure:7721: checking for memory.h
configure:7721: gcc -c -g -O2  conftest.c >&5
configure:7721: $? = 0
configure:7721: result: yes
configure:7721: checking for strings.h
configure:7721: gcc -c -g -O2  conftest.c >&5
configure:7721: $? = 0
configure:7721: result: yes
configure:7721: checking for inttypes.h
configure:7721: gcc -c -g -O2  conftest.c >&5
configure:7721: $? = 0
configure:7721: result: yes
configure:7721: checking for stdint.h
configure:7721: gcc -c -g -O2  conftest.c >&5
configure:7721: $? = 0
configure:7721: result: yes
configure:7721: checking for unistd.h
configure:7721: gcc -c -g -O2  conftest.c >&5
configure:7721: $? = 0
configure:7721: result: yes
configure:7735: checking for dlfcn.h
configure:7735: gcc -c -g -O2  conftest.c >&5
configure:7735: $? = 0
configure:7735: result: yes
configure:7991: checking for objdir
configure:8006: result: .libs
configure:8266: checking if gcc supports -fno-rtti -fno-exceptions
configure:8284: gcc -c -g -O2  -fno-rtti -fno-exceptions conftest.c >&5
cc1: warning: command line option '-fno-rtti' is valid for C++/D/ObjC++ but not for C
configure:8288: $? = 0
configure:8301: result: no
configure:8665: checking for gcc option to produce PIC
configure:8672: result: -fPIC -DPIC
configure:8680: checking if gcc PIC flag -fPIC -DPIC works
configure:8698: gcc -c -g -O2  -fPIC -DPIC -DPIC conftest.c >&5
configure:8702: $? = 0
configure:8715: result: yes
configure:8744: checking if gcc static flag -static works
configure:8772: result: yes
configure:8787: checking if gcc supports -c -o file.o
configure:8808: gcc -c -g -O2  -o out/conftest2.o conftest.c >&5
configure:8812: $? = 0
configure:8834: result: yes
configure:8842: checking if gcc supports -c -o file.o
configure:8889: result: yes
configure:8922: checking whether the gcc linker (/usr/bin/ld -m elf_x86_64) supports shared libraries
configure:10185: result: yes
configure:10222: checking whether -lc should be explicitly linked in
configure:10230: gcc -c -g -O2  conftest.c >&5
configure:10233: $? = 0
configure:10248: gcc -shared  -fPIC -DPIC conftest.o  -v -Wl,-soname -Wl,conftest -o conftest 2\>\&1 \| /usr/bin/grep  -lc  \>/dev/null 2\>\&1
configure:10251: $? = 0
configure:10265: result: no
configure:10425: checking dynamic linker characteristics
configure:11006: gcc -o conftest -g -O2   -Wl,-rpath -Wl,/foo conftest.c  >&5
configure:11006: $? = 0
configure:11255: result: GNU/Linux ld.so
configure:11377: checking how to hardcode library paths into programs
configure:11402: result: immediate
configure:11950: checking whether stripping libraries is possible
configure:11955: result: yes
configure:11990: checking if libtool supports shared libraries
configure:11992: result: yes
configure:11995: checking whether to build shared libraries
configure:12020: result: yes
configure:12023: checking whether to build static libraries
configure:12027: result: yes
configure:8845: checking for doxygen
configure:8863: found /usr/bin/doxygen
configure:8875: result: /usr/bin/doxygen
configure:8901: checking config.h usability
configure:8901: gcc -c -g -O2  conftest.c >&5
conftest.c:56:10: fatal error: config.h: No such file or directory
   56 | #include <config.h>
      |          ^~~~~~~~~~
compilation terminated.
configure:8901: $? = 1
configure: failed program was:
| /* confdefs.h */
| #define PACKAGE_NAME "oflops"
| #define PACKAGE_TARNAME "oflops"
| #define PACKAGE_VERSION "0.01"
| #define PACKAGE_STRING "oflops 0.01"
| #define PACKAGE_BUGREPORT "rob.sherwood@stanford.edu"
| #define PACKAGE_URL ""
| #define PACKAGE "oflops"
| #define VERSION "0.01"
| #define STDC_HEADERS 1
| #define HAVE_SYS_TYPES_H 1
| #define HAVE_SYS_STAT_H 1
| #define HAVE_STDLIB_H 1
| #define HAVE_STRING_H 1
| #define HAVE_MEMORY_H 1
| #define HAVE_STRINGS_H 1
| #define HAVE_INTTYPES_H 1
| #define HAVE_STDINT_H 1
| #define HAVE_UNISTD_H 1
| #define HAVE_DLFCN_H 1
| #define LT_OBJDIR ".libs/"
| /* end confdefs.h.  */
| #include <stdio.h>
| #ifdef HAVE_SYS_TYPES_H
| # include <sys/types.h>
| #endif
| #ifdef HAVE_SYS_STAT_H
| # include <sys/stat.h>
| #endif
| #ifdef STDC_HEADERS
| # include <stdlib.h>
| # include <stddef.h>
| #else
| # ifdef HAVE_STDLIB_H
| #  include <stdlib.h>
| # endif
| #endif
| #ifdef HAVE_STRING_H
| # if !defined STDC_HEADERS && defined HAVE_MEMORY_H
| #  include <memory.h>
| # endif
| # include <string.h>
| #endif
| #ifdef HAVE_STRINGS_H
| # include <strings.h>
| #endif
| #ifdef HAVE_INTTYPES_H
| # include <inttypes.h>
| #endif
| #ifdef HAVE_STDINT_H
| # include <stdint.h>
| #endif
| #ifdef HAVE_UNISTD_H
| # include <unistd.h>
| #endif
| #include <config.h>
configure:8901: result: no
configure:8901: checking config.h presence
configure:8901: gcc -E  conftest.c
conftest.c:23:10: fatal error: config.h: No such file or directory
   23 | #include <config.h>
      |          ^~~~~~~~~~
compilation terminated.
configure:8901: $? = 1
configure: failed program was:
| /* confdefs.h */
| #define PACKAGE_NAME "oflops"
| #define PACKAGE_TARNAME "oflops"
| #define PACKAGE_VERSION "0.01"
| #define PACKAGE_STRING "oflops 0.01"
| #define PACKAGE_BUGREPORT "rob.sherwood@stanford.edu"
| #define PACKAGE_URL ""
| #define PACKAGE "oflops"
| #define VERSION "0.01"
| #define STDC_HEADERS 1
| #define HAVE_SYS_TYPES_H 1
| #define HAVE_SYS_STAT_H 1
| #define HAVE_STDLIB_H 1
| #define HAVE_STRING_H 1
| #define HAVE_MEMORY_H 1
| #define HAVE_STRINGS_H 1
| #define HAVE_INTTYPES_H 1
| #define HAVE_STDINT_H 1
| #define HAVE_UNISTD_H 1
| #define HAVE_DLFCN_H 1
| #define LT_OBJDIR ".libs/"
| /* end confdefs.h.  */
| #include <config.h>
configure:8901: result: no
configure:8901: checking for config.h
configure:8901: result: no
configure:8901: checking net/bpf.h usability
configure:8901: gcc -c -g -O2  conftest.c >&5
conftest.c:56:10: fatal error: net/bpf.h: No such file or directory
   56 | #include <net/bpf.h>
      |          ^~~~~~~~~~~
compilation terminated.
configure:8901: $? = 1
configure: failed program was:
| /* confdefs.h */
| #define PACKAGE_NAME "oflops"
| #define PACKAGE_TARNAME "oflops"
| #define PACKAGE_VERSION "0.01"
| #define PACKAGE_STRING "oflops 0.01"
| #define PACKAGE_BUGREPORT "rob.sherwood@stanford.edu"
| #define PACKAGE_URL ""
| #define PACKAGE "oflops"
| #define VERSION "0.01"
| #define STDC_HEADERS 1
| #define HAVE_SYS_TYPES_H 1
| #define HAVE_SYS_STAT_H 1
| #define HAVE_STDLIB_H 1
| #define HAVE_STRING_H 1
| #define HAVE_MEMORY_H 1
| #define HAVE_STRINGS_H 1
| #define HAVE_INTTYPES_H 1
| #define HAVE_STDINT_H 1
| #define HAVE_UNISTD_H 1
| #define HAVE_DLFCN_H 1
| #define LT_OBJDIR ".libs/"
| /* end confdefs.h.  */
| #include <stdio.h>
| #ifdef HAVE_SYS_TYPES_H
| # include <sys/types.h>
| #endif
| #ifdef HAVE_SYS_STAT_H
| # include <sys/stat.h>
| #endif
| #ifdef STDC_HEADERS
| # include <stdlib.h>
| # include <stddef.h>
| #else
| # ifdef HAVE_STDLIB_H
| #  include <stdlib.h>
| # endif
| #endif
| #ifdef HAVE_STRING_H
| # if !defined STDC_HEADERS && defined HAVE_MEMORY_H
| #  include <memory.h>
| # endif
| # include <string.h>
| #endif
| #ifdef HAVE_STRINGS_H
| # include <strings.h>
| #endif
| #ifdef HAVE_INTTYPES_H
| # include <inttypes.h>
| #endif
| #ifdef HAVE_STDINT_H
| # include <stdint.h>
| #endif
| #ifdef HAVE_UNISTD_H
| # include <unistd.h>
| #endif
| #include <net/bpf.h>
configure:8901: result: no
configure:8901: checking net/bpf.h presence
configure:8901: gcc -E  conftest.c
conftest.c:23:10: fatal error: net/bpf.h: No such file or directory
   23 | #include <net/bpf.h>
      |          ^~~~~~~~~~~
compilation terminated.
configure:8901: $? = 1
configure: failed program was:
| /* confdefs.h */
| #define PACKAGE_NAME "oflops"
| #define PACKAGE_TARNAME "oflops"
| #define PACKAGE_VERSION "0.01"
| #define PACKAGE_STRING "oflops 0.01"
| #define PACKAGE_BUGREPORT "rob.sherwood@stanford.edu"
| #define PACKAGE_URL ""
| #define PACKAGE "oflops"
| #define VERSION "0.01"
| #define STDC_HEADERS 1
| #define HAVE_SYS_TYPES_H 1
| #define HAVE_SYS_STAT_H 1
| #define HAVE_STDLIB_H 1
| #define HAVE_STRING_H 1
| #define HAVE_MEMORY_H 1
| #define HAVE_STRINGS_H 1
| #define HAVE_INTTYPES_H 1
| #define HAVE_STDINT_H 1
| #define HAVE_UNISTD_H 1
| #define HAVE_DLFCN_H 1
| #define LT_OBJDIR ".libs/"
| /* end confdefs.h.  */
| #include <net/bpf.h>
configure:8901: result: no
configure:8901: checking for net/bpf.h
configure:8901: result: no
configure:8915: checking net-snmp/net-snmp-config.h usability
configure:8915: gcc -c -g -O2  conftest.c >&5
configure:8915: $? = 0
configure:8915: result: yes
configure:8915: checking net-snmp/net-snmp-config.h presence
configure:8915: gcc -E  conftest.c
configure:8915: $? = 0
configure:8915: result: yes
configure:8915: checking for net-snmp/net-snmp-config.h
configure:8915: result: yes
configure:8931: checking for net-snmp/net-snmp-includes.h
configure:8931: gcc -c -g -O2  conftest.c >&5
configure:8931: $? = 0
configure:8931: result: yes
configure:9015: checking for stdbool.h that conforms to C99
configure:9082: gcc -c -g -O2  conftest.c >&5
configure:9082: $? = 0
configure:9089: result: yes
configure:9091: checking for _Bool
configure:9091: gcc -c -g -O2  conftest.c >&5
configure:9091: $? = 0
configure:9091: gcc -c -g -O2  conftest.c >&5
conftest.c: In function 'main':
conftest.c:63:20: error: expected expression before ')' token
   63 | if (sizeof ((_Bool)))
      |                    ^
configure:9091: $? = 1
configure: failed program was:
| /* confdefs.h */
| #define PACKAGE_NAME "oflops"
| #define PACKAGE_TARNAME "oflops"
| #define PACKAGE_VERSION "0.01"
| #define PACKAGE_STRING "oflops 0.01"
| #define PACKAGE_BUGREPORT "rob.sherwood@stanford.edu"
| #define PACKAGE_URL ""
| #define PACKAGE "oflops"
| #define VERSION "0.01"
| #define STDC_HEADERS 1
| #define HAVE_SYS_TYPES_H 1
| #define HAVE_SYS_STAT_H 1
| #define HAVE_STDLIB_H 1
| #define HAVE_STRING_H 1
| #define HAVE_MEMORY_H 1
| #define HAVE_STRINGS_H 1
| #define HAVE_INTTYPES_H 1
| #define HAVE_STDINT_H 1
| #define HAVE_UNISTD_H 1
| #define HAVE_DLFCN_H 1
| #define LT_OBJDIR ".libs/"
| #define HAVE_NET_SNMP_NET_SNMP_CONFIG_H 1
| #define HAVE_NET_SNMP_NET_SNMP_INCLUDES_H 1
| #define HAVE_OFP_FLOW_REMOVED /**/
| #define OFPT_FLOW_EXPIRED OFPT_FLOW_REMOVED
| /* end confdefs.h.  */
| #include <stdio.h>
| #ifdef HAVE_SYS_TYPES_H
| # include <sys/types.h>
| #endif
| #ifdef HAVE_SYS_STAT_H
| # include <sys/stat.h>
| #endif
| #ifdef STDC_HEADERS
| # include <stdlib.h>
| # include <stddef.h>
| #else
| # ifdef HAVE_STDLIB_H
| #  include <stdlib.h>
| # endif
| #endif
| #ifdef HAVE_STRING_H
| # if !defined STDC_HEADERS && defined HAVE_MEMORY_H
| #  include <memory.h>
| # endif
| # include <string.h>
| #endif
| #ifdef HAVE_STRINGS_H
| # include <strings.h>
| #endif
| #ifdef HAVE_INTTYPES_H
| # include <inttypes.h>
| #endif
| #ifdef HAVE_STDINT_H
| # include <stdint.h>
| #endif
| #ifdef HAVE_UNISTD_H
| # include <unistd.h>
| #endif
| int
| main ()
| {
| if (sizeof ((_Bool)))
| 	    return 0;
|   ;
|   return 0;
| }
configure:9091: result: yes
configure:9112: checking for strerror
configure:9112: gcc -o conftest -g -O2   conftest.c  >&5
configure:9112: $? = 0
configure:9112: result: yes
configure:9227: checking that generated files are newer than configure
configure:9233: result: done
configure:9260: creating ./config.status

## ---------------------- ##
## Running config.status. ##
## ---------------------- ##

This file was extended by oflops config.status 0.01, which was
generated by GNU Autoconf 2.69.  Invocation command line was

  CONFIG_FILES    = 
  CONFIG_HEADERS  = 
  CONFIG_LINKS    = 
  CONFIG_COMMANDS = 
  $ ./config.status 

on aplus.aisa-lab.ajou.ac.kr

config.status:1102: creating Makefile
config.status:1102: creating doc/doxygen.conf
config.status:1102: creating cbench/Makefile
config.status:1102: creating example_modules/Makefile
config.status:1102: creating example_modules/oflops_debug/Makefile
config.status:1102: creating example_modules/openflow_action_install/Makefile
config.status:1102: creating example_modules/openflow_action_measurement/Makefile
config.status:1102: creating example_modules/openflow_path_delay/Makefile
config.status:1102: creating example_modules/openflow_flow_dump_test/Makefile
config.status:1102: creating example_modules/openflow_packet_in/Makefile
config.status:1102: creating example_modules/openflow_port_status/Makefile
config.status:1102: creating example_modules/snmp_cpu/Makefile
config.status:1102: creating config.h
config.status:1331: executing depfiles commands
config.status:1408: cd .       && sed -e '/# am--include-marker/d' Makefile         | make -f - am--depfiles
config.status:1413: $? = 0
config.status:1408: cd cbench       && sed -e '/# am--include-marker/d' Makefile         | make -f - am--depfiles
config.status:1413: $? = 0
config.status:1408: cd example_modules/oflops_debug       && sed -e '/# am--include-marker/d' Makefile         | make -f - am--depfiles
config.status:1413: $? = 0
config.status:1408: cd example_modules/openflow_action_install       && sed -e '/# am--include-marker/d' Makefile         | make -f - am--depfiles
config.status:1413: $? = 0
config.status:1408: cd example_modules/openflow_action_measurement       && sed -e '/# am--include-marker/d' Makefile         | make -f - am--depfiles
config.status:1413: $? = 0
config.status:1408: cd example_modules/openflow_path_delay       && sed -e '/# am--include-marker/d' Makefile         | make -f - am--depfiles
config.status:1413: $? = 0
config.status:1408: cd example_modules/openflow_flow_dump_test       && sed -e '/# am--include-marker/d' Makefile         | make -f - am--depfiles
config.status:1413: $? = 0
config.status:1408: cd example_modules/openflow_packet_in       && sed -e '/# am--include-marker/d' Makefile         | make -f - am--depfiles
config.status:1413: $? = 0
config.status:1408: cd example_modules/openflow_port_status       && sed -e '/# am--include-marker/d' Makefile         | make -f - am--depfiles
config.status:1413: $? = 0
config.status:1408: cd example_modules/snmp_cpu       && sed -e '/# am--include-marker/d' Makefile         | make -f - am--depfiles
config.status:1413: $? = 0
config.status:1331: executing libtool commands

## ---------------- ##
## Cache variables. ##
## ---------------- ##

ac_cv_build=x86_64-pc-linux-gnu
ac_cv_c_compiler_gnu=yes
ac_cv_env_CC_set=
ac_cv_env_CC_value=
ac_cv_env_CFLAGS_set=
ac_cv_env_CFLAGS_value=
ac_cv_env_CPPFLAGS_set=
ac_cv_env_CPPFLAGS_value=
ac_cv_env_CPP_set=
ac_cv_env_CPP_value=
ac_cv_env_LDFLAGS_set=
ac_cv_env_LDFLAGS_value=
ac_cv_env_LIBS_set=
ac_cv_env_LIBS_value=
ac_cv_env_LT_SYS_LIBRARY_PATH_set=
ac_cv_env_LT_SYS_LIBRARY_PATH_value=
ac_cv_env_build_alias_set=
ac_cv_env_build_alias_value=
ac_cv_env_host_alias_set=
ac_cv_env_host_alias_value=
ac_cv_env_target_alias_set=
ac_cv_env_target_alias_value=
ac_cv_file__home_pss_sdn_openflow_include_openflow_openflow_h=yes
ac_cv_func_strerror=yes
ac_cv_header_config_h=no
ac_cv_header_dlfcn_h=yes
ac_cv_header_inttypes_h=yes
ac_cv_header_memory_h=yes
ac_cv_header_net_bpf_h=no
ac_cv_header_net_snmp_net_snmp_config_h=yes
ac_cv_header_net_snmp_net_snmp_includes_h=yes
ac_cv_header_stdbool_h=yes
ac_cv_header_stdc=yes
ac_cv_header_stdint_h=yes
ac_cv_header_stdlib_h=yes
ac_cv_header_string_h=yes
ac_cv_header_strings_h=yes
ac_cv_header_sys_stat_h=yes
ac_cv_header_sys_types_h=yes
ac_cv_header_unistd_h=yes
ac_cv_host=x86_64-pc-linux-gnu
ac_cv_objext=o
ac_cv_path_DOXYGEN=/usr/bin/doxygen
ac_cv_path_EGREP='/usr/bin/grep -E'
ac_cv_path_FGREP='/usr/bin/grep -F'
ac_cv_path_GREP=/usr/bin/grep
ac_cv_path_SED=/usr/bin/sed
ac_cv_path_install='/usr/bin/install -c'
ac_cv_path_lt_DD=/usr/bin/dd
ac_cv_path_mkdir=/usr/bin/mkdir
ac_cv_prog_AWK=gawk
ac_cv_prog_CPP='gcc -E'
ac_cv_prog_ac_ct_AR=ar
ac_cv_prog_ac_ct_CC=gcc
ac_cv_prog_ac_ct_MANIFEST_TOOL=mt
ac_cv_prog_ac_ct_OBJDUMP=objdump
ac_cv_prog_ac_ct_RANLIB=ranlib
ac_cv_prog_ac_ct_STRIP=strip
ac_cv_prog_cc_c89=
ac_cv_prog_cc_g=yes
ac_cv_prog_make_make_set=yes
ac_cv_type__Bool=yes
am_cv_CC_dependencies_compiler_type=gcc3
am_cv_make_support_nested_variables=yes
am_cv_prog_cc_c_o=yes
lt_cv_ar_at_file=@
lt_cv_archive_cmds_need_lc=no
lt_cv_deplibs_check_method=pass_all
lt_cv_file_magic_cmd='$MAGIC_CMD'
lt_cv_file_magic_test_file=
lt_cv_ld_reload_flag=-r
lt_cv_nm_interface='BSD nm'
lt_cv_objdir=.libs
lt_cv_path_LD=/usr/bin/ld
lt_cv_path_NM='/usr/bin/nm -B'
lt_cv_path_mainfest_tool=no
lt_cv_prog_compiler_c_o=yes
lt_cv_prog_compiler_pic='-fPIC -DPIC'
lt_cv_prog_compiler_pic_works=yes
lt_cv_prog_compiler_rtti_exceptions=no
lt_cv_prog_compiler_static_works=yes
lt_cv_prog_gnu_ld=yes
lt_cv_sharedlib_from_linklib_cmd='printf %s\n'
lt_cv_shlibpath_overrides_runpath=yes
lt_cv_sys_global_symbol_pipe='sed -n -e '\''s/^.*[	 ]\([ABCDGIRSTW][ABCDGIRSTW]*\)[	 ][	 ]*\([_A-Za-z][_A-Za-z0-9]*\)$/\1 \2 \2/p'\'' | sed '\''/ __gnu_lto/d'\'''
lt_cv_sys_global_symbol_to_c_name_address='sed -n -e '\''s/^: \(.*\) .*$/  {"\1", (void *) 0},/p'\'' -e '\''s/^[ABCDGIRSTW][ABCDGIRSTW]* .* \(.*\)$/  {"\1", (void *) \&\1},/p'\'''
lt_cv_sys_global_symbol_to_c_name_address_lib_prefix='sed -n -e '\''s/^: \(.*\) .*$/  {"\1", (void *) 0},/p'\'' -e '\''s/^[ABCDGIRSTW][ABCDGIRSTW]* .* \(lib.*\)$/  {"\1", (void *) \&\1},/p'\'' -e '\''s/^[ABCDGIRSTW][ABCDGIRSTW]* .* \(.*\)$/  {"lib\1", (void *) \&\1},/p'\'''
lt_cv_sys_global_symbol_to_cdecl='sed -n -e '\''s/^T .* \(.*\)$/extern int \1();/p'\'' -e '\''s/^[ABCDGIRSTW][ABCDGIRSTW]* .* \(.*\)$/extern char \1;/p'\'''
lt_cv_sys_global_symbol_to_import=
lt_cv_sys_max_cmd_len=1572864
lt_cv_to_host_file_cmd=func_convert_file_noop
lt_cv_to_tool_file_cmd=func_convert_file_noop
lt_cv_truncate_bin='/usr/bin/dd bs=4096 count=1'

## ----------------- ##
## Output variables. ##
## ----------------- ##

ACLOCAL='${SHELL} /home/pss/sdn/oflops/missing aclocal-1.16'
AMDEPBACKSLASH='\'
AMDEP_FALSE='#'
AMDEP_TRUE=''
AMTAR='$${TAR-tar}'
AM_BACKSLASH='\'
AM_DEFAULT_V='$(AM_DEFAULT_VERBOSITY)'
AM_DEFAULT_VERBOSITY='1'
AM_V='$(V)'
AR='ar'
AUTOCONF='${SHELL} /home/pss/sdn/oflops/missing autoconf'
AUTOHEADER='${SHELL} /home/pss/sdn/oflops/missing autoheader'
AUTOMAKE='${SHELL} /home/pss/sdn/oflops/missing automake-1.16'
AWK='gawk'
CC='gcc'
CCDEPMODE='depmode=gcc3'
CFLAGS='-g -O2'
CPP='gcc -E'
CPPFLAGS=''
CYGPATH_W='echo'
DEFS='-DHAVE_CONFIG_H'
DEPDIR='.deps'
DLLTOOL='false'
DOXYGEN='/usr/bin/doxygen'
DSYMUTIL=''
DUMPBIN=''
ECHO_C=''
ECHO_N='-n'
ECHO_T=''
EGREP='/usr/bin/grep -E'
EXEEXT=''
FGREP='/usr/bin/grep -F'
GREP='/usr/bin/grep'
HAVE_DOXYGEN_FALSE='#'
HAVE_DOXYGEN_TRUE=''
INSTALL_DATA='${INSTALL} -m 644'
INSTALL_PROGRAM='${INSTALL}'
INSTALL_SCRIPT='${INSTALL}'
INSTALL_STRIP_PROGRAM='$(install_sh) -c -s'
LD='/usr/bin/ld -m elf_x86_64'
LDFLAGS=''
LIBOBJS=''
LIBS=''
LIBTOOL='$(SHELL) $(top_builddir)/libtool'
LIPO=''
LN_S='ln -s'
LTLIBOBJS=''
LT_SYS_LIBRARY_PATH=''
MAKEINFO='${SHELL} /home/pss/sdn/oflops/missing makeinfo'
MANIFEST_TOOL=':'
MKDIR_P='/usr/bin/mkdir -p'
NM='/usr/bin/nm -B'
NMEDIT=''
OBJDUMP='objdump'
OBJEXT='o'
OTOOL64=''
OTOOL=''
PACKAGE='oflops'
PACKAGE_BUGREPORT='rob.sherwood@stanford.edu'
PACKAGE_NAME='oflops'
PACKAGE_STRING='oflops 0.01'
PACKAGE_TARNAME='oflops'
PACKAGE_URL=''
PACKAGE_VERSION='0.01'
PATH_SEPARATOR=':'
RANLIB='ranlib'
SED='/usr/bin/sed'
SET_MAKE=''
SHELL='/bin/bash'
STRIP='strip'
VERSION='0.01'
ac_ct_AR='ar'
ac_ct_CC='gcc'
ac_ct_DUMPBIN=''
am__EXEEXT_FALSE=''
am__EXEEXT_TRUE='#'
am__fastdepCC_FALSE='#'
am__fastdepCC_TRUE=''
am__include='include'
am__isrc=''
am__leading_dot='.'
am__nodep='_no'
am__quote=''
am__tar='$${TAR-tar} chof - "$$tardir"'
am__untar='$${TAR-tar} xf -'
bindir='${exec_prefix}/bin'
build='x86_64-pc-linux-gnu'
build_alias=''
build_cpu='x86_64'
build_os='linux-gnu'
build_vendor='pc'
datadir='${datarootdir}'
datarootdir='${prefix}/share'
docdir='${datarootdir}/doc/${PACKAGE_TARNAME}'
dvidir='${docdir}'
exec_prefix='${prefix}'
host='x86_64-pc-linux-gnu'
host_alias=''
host_cpu='x86_64'
host_os='linux-gnu'
host_vendor='pc'
htmldir='${docdir}'
includedir='${prefix}/include'
infodir='${datarootdir}/info'
install_sh='${SHELL} /home/pss/sdn/oflops/install-sh'
libdir='${exec_prefix}/lib'
libexecdir='${exec_prefix}/libexec'
localedir='${datarootdir}/locale'
localstatedir='${prefix}/var'
mandir='${datarootdir}/man'
mkdir_p='$(MKDIR_P)'
oldincludedir='/usr/include'
openflowsrc='/home/pss/sdn/openflow'
pdfdir='${docdir}'
prefix='/usr/local'
program_transform_name='s,x,x,'
psdir='${docdir}'
runstatedir='${localstatedir}/run'
sbindir='${exec_prefix}/sbin'
sharedstatedir='${prefix}/com'
sysconfdir='${prefix}/etc'
target_alias=''

## ----------- ##
## confdefs.h. ##
## ----------- ##

/* confdefs.h */
#define PACKAGE_NAME "oflops"
#define PACKAGE_TARNAME "oflops"
#define PACKAGE_VERSION "0.01"
#define PACKAGE_STRING "oflops 0.01"
#define PACKAGE_BUGREPORT "rob.sherwood@stanford.edu"
#define PACKAGE_URL ""
#define PACKAGE "oflops"
#define VERSION "0.01"
#define STDC_HEADERS 1
#define HAVE_SYS_TYPES_H 1
#define HAVE_SYS_STAT_H 1
#define HAVE_STDLIB_H 1
#define HAVE_STRING_H 1
#define HAVE_MEMORY_H 1
#define HAVE_STRINGS_H 1
#define HAVE_INTTYPES_H 1
#define HAVE_STDINT_H 1
#define HAVE_UNISTD_H 1
#define HAVE_DLFCN_H 1
#define LT_OBJDIR ".libs/"
#define HAVE_NET_SNMP_NET_SNMP_CONFIG_H 1
#define HAVE_NET_SNMP_NET_SNMP_INCLUDES_H 1
#define HAVE_OFP_FLOW_REMOVED /**/
#define OFPT_FLOW_EXPIRED OFPT_FLOW_REMOVED
#define HAVE__BOOL 1
#define HAVE_STDBOOL_H 1
#define HAVE_STRERROR 1

configure: exit 0
