2024-11-28 22:59:23,302 - Training skipped - insufficient data
2024-11-28 22:59:53,333 - Training skipped - insufficient data
2024-11-28 23:00:23,336 - === Training Start ===
2024-11-28 23:00:23,337 - Batch size: 100
2024-11-28 23:00:24,254 - Epoch 1, Loss: 0.0000
2024-11-28 23:00:24,257 - Epoch 2, Loss: 0.0000
2024-11-28 23:00:24,259 - Epoch 3, Loss: 0.0000
2024-11-28 23:00:24,261 - Epoch 4, Loss: 0.0000
2024-11-28 23:00:24,263 - Epoch 5, Loss: 0.0000
2024-11-28 23:00:24,264 - Training Accuracy: 100.00%
2024-11-28 23:00:24,264 - === Training End ===

2024-11-28 23:00:24,265 - 배치 학습 완료, 총 손실: 0.0000
2024-11-28 23:00:54,295 - === Training Start ===
2024-11-28 23:00:54,296 - Batch size: 100
2024-11-28 23:00:54,302 - Epoch 1, Loss: 0.0000
2024-11-28 23:00:54,305 - Epoch 2, Loss: 0.0000
2024-11-28 23:00:54,308 - Epoch 3, Loss: 0.0000
2024-11-28 23:00:54,310 - Epoch 4, Loss: 0.0000
2024-11-28 23:00:54,312 - Epoch 5, Loss: 0.0000
2024-11-28 23:00:54,312 - Training Accuracy: 100.00%
2024-11-28 23:00:54,312 - === Training End ===

2024-11-28 23:00:54,313 - 배치 학습 완료, 총 손실: 0.0000
2024-11-28 23:01:39,765 - === Training Start ===
2024-11-28 23:01:39,766 - Batch size: 100
2024-11-28 23:01:40,820 - Epoch 1, Loss: 0.0000
2024-11-28 23:01:40,945 - Epoch 2, Loss: 0.0000
2024-11-28 23:01:41,079 - Epoch 3, Loss: 0.0000
2024-11-28 23:01:41,094 - Epoch 4, Loss: 0.0000
2024-11-28 23:01:41,097 - Epoch 5, Loss: 0.0000
2024-11-28 23:01:41,097 - Training Accuracy: 100.00%
2024-11-28 23:01:41,097 - === Training End ===

2024-11-28 23:01:41,098 - 배치 학습 완료, 총 손실: 0.0000
2024-11-28 23:02:11,106 - === Training Start ===
2024-11-28 23:02:11,106 - Batch size: 100
2024-11-28 23:02:11,118 - Epoch 1, Loss: 0.0000
2024-11-28 23:02:11,122 - Epoch 2, Loss: 0.0000
2024-11-28 23:02:11,126 - Epoch 3, Loss: 0.0000
2024-11-28 23:02:11,128 - Epoch 4, Loss: 0.0000
2024-11-28 23:02:11,130 - Epoch 5, Loss: 0.0000
2024-11-28 23:02:11,130 - Training Accuracy: 100.00%
2024-11-28 23:02:11,131 - === Training End ===

2024-11-28 23:02:11,132 - 배치 학습 완료, 총 손실: 0.0000
